<?xml version="1.0" encoding="UTF-8"?>
<!-- Generated by org.testng.reporters.JUnitXMLReporter -->
<testsuite ignored="0" hostname="DESKTOP-DK52L2S" failures="1" tests="5" name="RegistrationTests" time="129.524" errors="0" timestamp="2022-08-25T06:03:12 PKT">
  <testcase classname="com.automationproject.testCases.Tc_Register_09" name="registerWithValidData" time="10.441">
    <failure type="java.lang.AssertionError" message="expected [true] but found [false]">
      <![CDATA[java.lang.AssertionError: expected [true] but found [false]
at com.automationproject.testCases.Tc_Register_09.registerWithValidData(Tc_Register_09.java:36)
at java.base/java.util.ArrayList.forEach(ArrayList.java:1541)
... Removed 31 stack frames]]>
    </failure>
  </testcase> <!-- registerWithValidData -->
  <testcase classname="com.automationproject.testCases.Tc_RegisterInvalidEmail_10" name="registerInvalidEmail" time="10.922"/>
  <testcase classname="com.automationproject.testCases.Tc_RegisterWithEmptyEmail_11" name="registerWithEmptyEmail" time="10.862"/>
  <testcase classname="com.automationproject.testCases.Tc_RegisterWithEmptyPassword_12" name="registerWithEmptyPassword" time="8.167"/>
  <testcase classname="com.automationproject.testCases.Tc_RegisterWithEmptyData_13" name="registerWithEmptyData" time="9.192"/>
</testsuite> <!-- RegistrationTests -->
